<?xml version="1.0" encoding="UTF-8"?>
<!-- Generated by org.testng.reporters.JUnitReportReporter -->
<testsuite hostname="DESKTOP-2UKCMBC" failures="0" tests="1" name="org.iitwforce.automation.uclidmmp.uclidmmp.ScheduleAppointmentTests" time="21.851" errors="0" timestamp="2023-07-27T09:06:56 CDT" skipped="0">
  <testcase classname="org.iitwforce.automation.uclidmmp.uclidmmp.ScheduleAppointmentTests" name="TC_006_ScheduleBooking_Date" time="21.851"/>
</testsuite> <!-- org.iitwforce.automation.uclidmmp.uclidmmp.ScheduleAppointmentTests -->
