<?xml version="1.0" encoding="UTF-8"?>
<!-- Generated by org.testng.reporters.JUnitReportReporter -->
<testsuite hostname="DESKTOP-2UKCMBC" failures="0" tests="5" name="org.iitwforce.automation.uclidmmp.uclidmmp.LoginTests" time="49.787" errors="0" timestamp="2023-07-24T10:28:53 CDT" skipped="0">
  <testcase classname="org.iitwforce.automation.uclidmmp.uclidmmp.LoginTests" name="TC_004_WrongUserNamePassword_2" time="9.645"/>
  <testcase classname="org.iitwforce.automation.uclidmmp.uclidmmp.LoginTests" name="TC_002_validate_tabs" time="11.672"/>
  <testcase classname="org.iitwforce.automation.uclidmmp.uclidmmp.LoginTests" name="TC_005_WrongUserNamePassword_3" time="8.185"/>
  <testcase classname="org.iitwforce.automation.uclidmmp.uclidmmp.LoginTests" name="TC_003_WrongUserNamePassword_1" time="7.781"/>
  <testcase classname="org.iitwforce.automation.uclidmmp.uclidmmp.LoginTests" name="TC_001_Login_with_valid_creds" time="12.504"/>
</testsuite> <!-- org.iitwforce.automation.uclidmmp.uclidmmp.LoginTests -->
